14:04:50.183 [main] INFO  - Navigated to the the ZigWheels Website
14:04:55.794 [main] INFO  - Navigated to the the Upcoming Bikes In India Page
14:04:56.934 [main] INFO  - User is On Honda Upcoming Bikes In India Page
14:05:17.397 [main] INFO  - Navigated to the Used Cars Page
14:05:40.599 [main] INFO  - User is On ZigWheels Home Page
14:05:40.947 [main] INFO  - User is On Login Window
14:05:46.421 [main] INFO  - User is On Google Account Login
14:05:47.150 [main] INFO  - User is On Google Account Login
14:09:24.791 [main] INFO  - Navigated to the the ZigWheels Website
14:09:25.376 [main] INFO  - Navigated to the the Upcoming Bikes In India Page
14:09:53.033 [main] INFO  - User is On Honda Upcoming Bikes In India Page
14:09:53.099 [main] INFO  - Navigated to the Used Cars Page
14:09:53.258 [main] INFO  - User is On Login Window
14:09:53.306 [main] INFO  - User is On Google Account Login
14:09:53.357 [main] INFO  - User is On Google Account Login
14:10:37.288 [main] INFO  - Navigated to the the ZigWheels Website
14:11:00.333 [main] INFO  - Navigated to the the Upcoming Bikes In India Page
14:11:06.295 [main] INFO  - User is On Honda Upcoming Bikes In India Page
14:11:45.690 [main] INFO  - Navigated to the Used Cars Page
14:12:22.105 [main] INFO  - User is On ZigWheels Home Page
14:12:22.404 [main] INFO  - User is On Login Window
14:12:28.243 [main] INFO  - User is On Google Account Login
14:12:29.198 [main] INFO  - User is On Google Account Login
14:19:40.250 [main] INFO  - Navigated to the the ZigWheels Website
14:19:57.638 [main] INFO  - Navigated to the the Upcoming Bikes In India Page
14:19:59.618 [main] INFO  - User is On Honda Upcoming Bikes In India Page
14:20:29.801 [main] INFO  - Navigated to the Used Cars Page
14:21:13.125 [main] INFO  - User is On ZigWheels Home Page
14:21:16.737 [main] INFO  - User is On Login Window
14:21:22.501 [main] INFO  - User is On Google Account Login
14:21:23.275 [main] INFO  - User is On Google Account Login
15:57:22.376 [main] INFO  - Navigated to the the ZigWheels Website
15:57:23.868 [main] INFO  - Navigated to the the Upcoming Bikes In India Page
15:57:26.254 [main] INFO  - User is On Honda Upcoming Bikes In India Page
15:57:33.052 [main] INFO  - Navigated to the Used Cars Page
15:57:56.167 [main] INFO  - User is On ZigWheels Home Page
15:57:56.826 [main] INFO  - User is On Login Window
15:58:01.251 [main] INFO  - User is On Google Account Login
15:58:02.151 [main] INFO  - User is On Google Account Login
16:00:29.891 [main] INFO  - Navigated to the the ZigWheels Website
16:00:31.400 [main] INFO  - Navigated to the the Upcoming Bikes In India Page
16:00:33.414 [main] INFO  - User is On Honda Upcoming Bikes In India Page
16:00:53.707 [main] INFO  - Navigated to the Used Cars Page
16:01:12.420 [main] INFO  - User is On ZigWheels Home Page
16:01:13.508 [main] INFO  - User is On Login Window
16:01:17.240 [main] INFO  - User is On Google Account Login
16:01:18.120 [main] INFO  - User is On Google Account Login
16:06:55.142 [main] INFO  - Navigated to the the ZigWheels Website
16:06:56.180 [main] INFO  - Navigated to the the Upcoming Bikes In India Page
16:06:57.274 [main] INFO  - User is On Honda Upcoming Bikes In India Page
16:06:59.306 [main] INFO  - Navigated to the Used Cars Page
16:07:18.680 [main] INFO  - User is On ZigWheels Home Page
16:07:19.237 [main] INFO  - User is On Login Window
16:07:21.422 [main] INFO  - User is On Google Account Login
16:07:22.114 [main] INFO  - User is On Google Account Login
17:22:46.398 [main] INFO  - Navigated to the the ZigWheels Website
17:22:47.483 [main] INFO  - Navigated to the the Upcoming Bikes In India Page
17:22:48.676 [main] INFO  - User is On Honda Upcoming Bikes In India Page
17:22:52.442 [main] INFO  - Navigated to the Used Cars Page
17:23:14.640 [main] INFO  - User is On ZigWheels Home Page
17:23:15.308 [main] INFO  - User is On Login Window
17:23:17.316 [main] INFO  - User is On Google Account Login
17:23:18.024 [main] INFO  - User is On Google Account Login
17:27:56.321 [main] INFO  - Navigated to the the ZigWheels Website
17:27:57.331 [main] INFO  - Navigated to the the Upcoming Bikes In India Page
17:27:58.545 [main] INFO  - User is On Honda Upcoming Bikes In India Page
17:28:01.439 [main] INFO  - Navigated to the Used Cars Page
17:28:22.569 [main] INFO  - User is On Login Window
17:28:22.588 [main] INFO  - User is On Google Account Login
17:28:22.610 [main] INFO  - User is On Google Account Login
17:28:35.287 [main] INFO  - Navigated to the the ZigWheels Website
17:28:36.295 [main] INFO  - Navigated to the the Upcoming Bikes In India Page
17:28:37.505 [main] INFO  - User is On Honda Upcoming Bikes In India Page
17:28:41.192 [main] INFO  - Navigated to the Used Cars Page
17:29:09.511 [main] INFO  - User is On ZigWheels Home Page
17:29:09.826 [main] INFO  - User is On Login Window
17:29:12.057 [main] INFO  - User is On Google Account Login
17:29:12.853 [main] INFO  - User is On Google Account Login
17:31:10.433 [main] INFO  - Navigated to the the ZigWheels Website
17:31:11.945 [main] INFO  - Navigated to the the Upcoming Bikes In India Page
17:31:18.219 [main] INFO  - User is On Honda Upcoming Bikes In India Page
17:31:18.263 [main] INFO  - Navigated to the Used Cars Page
17:31:18.335 [main] INFO  - User is On Login Window
17:31:18.359 [main] INFO  - User is On Google Account Login
17:31:18.383 [main] INFO  - User is On Google Account Login
17:31:30.415 [main] INFO  - Navigated to the the ZigWheels Website
17:31:31.829 [main] INFO  - Navigated to the the Upcoming Bikes In India Page
17:31:32.981 [main] INFO  - User is On Honda Upcoming Bikes In India Page
17:31:36.852 [main] INFO  - Navigated to the Used Cars Page
17:31:59.814 [main] INFO  - User is On ZigWheels Home Page
17:32:00.200 [main] INFO  - User is On Login Window
17:32:02.372 [main] INFO  - User is On Google Account Login
17:32:03.079 [main] INFO  - User is On Google Account Login
18:10:17.313 [main] INFO  - Navigated to the the ZigWheels Website
18:10:19.173 [main] INFO  - Navigated to the the Upcoming Bikes In India Page
18:10:41.651 [main] INFO  - User is On Honda Upcoming Bikes In India Page
18:10:44.351 [main] INFO  - Navigated to the Used Cars Page
18:11:24.149 [main] INFO  - User is On ZigWheels Home Page
18:11:24.931 [main] INFO  - User is On Login Window
18:11:27.237 [main] INFO  - User is On Google Account Login
18:11:28.256 [main] INFO  - User is On Google Account Login
19:25:20.819 [main] INFO  - Navigated to the the ZigWheels Website
19:52:04.652 [main] INFO  - Navigated to the the Upcoming Bikes In India Page
19:52:50.385 [main] INFO  - Navigated to the the ZigWheels Website
19:52:53.897 [main] INFO  - Navigated to the the Upcoming Bikes In India Page
19:52:55.415 [main] INFO  - Navigated to the Used Cars Page
19:53:25.113 [main] INFO  - Navigated to the Used Cars Page
19:54:13.753 [main] INFO  - User is On Login Window
19:56:10.953 [main] INFO  - Navigated to the the ZigWheels Website
19:56:12.397 [main] INFO  - Navigated to the the Upcoming Bikes In India Page
19:56:14.265 [main] INFO  - Navigated to the Used Cars Page
19:57:06.193 [main] INFO  - User is On Login Window
19:57:06.245 [main] INFO  - User is On Google Account Login
19:57:06.301 [main] INFO  - User is On Google Account Login
19:57:59.306 [main] INFO  - Navigated to the the Upcoming Bikes In India Page
19:59:19.775 [main] INFO  - Navigated to the Used Cars Page
20:06:38.702 [main] INFO  - Navigated to the the Upcoming Bikes In India Page
20:06:55.727 [main] INFO  - Navigated to the Used Cars Page
20:10:20.364 [main] INFO  - Navigated to the the ZigWheels Website
20:10:22.151 [main] INFO  - Navigated to the the Upcoming Bikes In India Page
20:10:23.491 [main] INFO  - Navigated to the Used Cars Page
20:12:00.447 [main] INFO  - Navigated to the the ZigWheels Website
20:12:02.388 [main] INFO  - Navigated to the the Upcoming Bikes In India Page
20:12:03.711 [main] INFO  - Navigated to the Used Cars Page
20:12:36.524 [main] INFO  - User is On ZigWheels Home Page
20:12:37.866 [main] INFO  - User is On Login Window
20:12:41.314 [main] INFO  - User is On Google Account Login
20:12:42.321 [main] INFO  - User is On Google Account Login
20:17:30.912 [main] INFO  - Navigated to the the ZigWheels Website
20:17:32.900 [main] INFO  - Navigated to the the Upcoming Bikes In India Page
20:17:34.427 [main] INFO  - Navigated to the Used Cars Page
20:18:06.276 [main] INFO  - User is On ZigWheels Home Page
20:18:07.868 [main] INFO  - User is On Login Window
20:18:10.550 [main] INFO  - User is On Google Account Login
20:18:11.457 [main] INFO  - User is On Google Account Login
20:20:05.133 [main] INFO  - Navigated to the the ZigWheels Website
20:20:07.992 [main] INFO  - Navigated to the the Upcoming Bikes In India Page
20:20:09.944 [main] INFO  - Navigated to the Used Cars Page
20:20:41.773 [main] INFO  - User is On ZigWheels Home Page
20:20:43.055 [main] INFO  - User is On Login Window
20:20:45.933 [main] INFO  - User is On Google Account Login
20:20:46.646 [main] INFO  - User is On Google Account Login
20:24:56.793 [main] INFO  - Navigated to the the ZigWheels Website
20:25:02.051 [main] INFO  - Navigated to the the Upcoming Bikes In India Page
20:25:02.111 [main] INFO  - User is On Honda Upcoming Bikes In India Page
20:25:02.216 [main] INFO  - Navigated to the Used Cars Page
20:25:02.321 [main] INFO  - User is On Login Window
20:25:02.341 [main] INFO  - User is On Google Account Login
20:25:02.364 [main] INFO  - User is On Google Account Login
20:25:21.685 [main] INFO  - Navigated to the the ZigWheels Website
20:25:23.407 [main] INFO  - Navigated to the the Upcoming Bikes In India Page
20:25:38.925 [main] INFO  - User is On Honda Upcoming Bikes In India Page
20:25:38.987 [main] INFO  - Navigated to the Used Cars Page
20:25:39.144 [main] INFO  - User is On Login Window
20:25:39.182 [main] INFO  - User is On Google Account Login
20:25:39.232 [main] INFO  - User is On Google Account Login
20:25:56.500 [main] INFO  - Navigated to the the ZigWheels Website
20:25:59.009 [main] INFO  - Navigated to the the Upcoming Bikes In India Page
20:26:00.917 [main] INFO  - User is On Honda Upcoming Bikes In India Page
20:26:06.249 [main] INFO  - Navigated to the Used Cars Page
20:26:30.463 [main] INFO  - User is On ZigWheels Home Page
20:26:31.330 [main] INFO  - User is On Login Window
20:26:34.993 [main] INFO  - User is On Google Account Login
20:26:36.120 [main] INFO  - User is On Google Account Login
20:38:10.170 [main] INFO  - Navigated to the the Upcoming Bikes In India Page
20:39:30.784 [main] INFO  - User is On Honda Upcoming Bikes In India Page
20:39:33.748 [main] INFO  - Navigated to the Used Cars Page
20:39:54.076 [main] INFO  - User is On Login Window
20:41:14.402 [main] INFO  - User is On Google Account Login
20:42:34.749 [main] INFO  - User is On Google Account Login
21:18:50.197 [main] INFO  - Navigated to the the ZigWheels Website
21:18:51.507 [main] INFO  - Navigated to the the Upcoming Bikes In India Page
21:18:52.992 [main] TRACE - Loading type system org.apache.poi.schemas.ooxml.system.ooxml
21:18:52.994 [main] TRACE - Loading type system org.apache.xmlbeans.metadata.system.sXMLCONFIG
21:18:52.994 [main] TRACE - Loading type system org.apache.xmlbeans.metadata.system.sXMLLANG
21:18:52.995 [main] TRACE - Loading type system org.apache.xmlbeans.metadata.system.sXMLSCHEMA
21:18:52.995 [main] TRACE - Loading type system org.apache.xmlbeans.metadata.system.sXMLTOOLS
21:18:52.997 [main] TRACE - Reading unresolved handles for type system org.apache.xmlbeans.metadata.system.sXMLTOOLS
21:18:53.013 [main] TRACE - Finished loading type system org.apache.xmlbeans.metadata.system.sXMLTOOLS
21:18:53.014 [main] TRACE - Reading unresolved handles for type system org.apache.xmlbeans.metadata.system.sXMLSCHEMA
21:18:53.018 [main] TRACE - Finished loading type system org.apache.xmlbeans.metadata.system.sXMLSCHEMA
21:18:53.019 [main] TRACE - Reading unresolved handles for type system org.apache.xmlbeans.metadata.system.sXMLLANG
21:18:53.021 [main] TRACE - Finished loading type system org.apache.xmlbeans.metadata.system.sXMLLANG
21:18:53.023 [main] TRACE - Reading unresolved handles for type system org.apache.xmlbeans.metadata.system.sXMLCONFIG
21:18:53.024 [main] TRACE - Finished loading type system org.apache.xmlbeans.metadata.system.sXMLCONFIG
21:18:53.025 [main] TRACE - Reading unresolved handles for type system org.apache.poi.schemas.ooxml.system.ooxml
21:18:53.100 [main] TRACE - Finished loading type system org.apache.poi.schemas.ooxml.system.ooxml
21:18:53.101 [main] TRACE - Resolving type for handle ctworkbook83c3type
21:18:53.161 [main] TRACE - Resolving type for handle ctworkbookpr03a5type
21:18:53.171 [main] TRACE - Resolving type for handle ctbookviewsb864type
21:18:53.174 [main] TRACE - Resolving type for handle ctbookviewf677type
21:18:53.182 [main] TRACE - Resolving type for handle ctsheets49fdtype
21:18:53.186 [main] TRACE - Resolving type for handle propertiesee84doctype
21:18:53.188 [main] TRACE - Resolving type for handle ctproperties3f10type
21:18:53.195 [main] TRACE - Resolving type for handle properties288cdoctype
21:18:53.197 [main] TRACE - Resolving type for handle ctproperties2c18type
21:18:53.204 [main] TRACE - Resolving type for handle sstf81fdoctype
21:18:53.206 [main] TRACE - Resolving type for handle ctsst44f3type
21:18:53.212 [main] TRACE - Resolving type for handle stylesheet5d8bdoctype
21:18:53.214 [main] TRACE - Resolving type for handle ctstylesheet4257type
21:18:53.218 [main] TRACE - Resolving type for handle ctfont14d8type
21:18:53.232 [main] TRACE - Resolving type for handle ctfontsizeb3b9type
21:18:53.238 [main] TRACE - Resolving type for handle ctcolord2c2type
21:18:53.242 [main] TRACE - Resolving type for handle ctfontname2dc3type
21:18:53.244 [main] TRACE - Resolving type for handle stxstringf179type
21:18:53.247 [main] TRACE - Resolving type for handle ctfontfamily685ctype
21:18:53.250 [main] TRACE - Resolving type for handle stfontfamily9c6ctype
21:18:53.255 [main] TRACE - Resolving type for handle ctfontschemebf5dtype
21:18:53.257 [main] TRACE - Resolving type for handle stfontschemef36dtype
21:18:53.261 [main] TRACE - Resolving type for handle ctfill550ctype
21:18:53.264 [main] TRACE - Resolving type for handle ctpatternfill7452type
21:18:53.268 [main] TRACE - Resolving type for handle stpatterntype7939type
21:18:53.270 [main] TRACE - Resolving type for handle ctborderf935type
21:18:53.273 [main] TRACE - Resolving type for handle ctborderpre497type
21:18:53.277 [main] TRACE - Resolving type for handle ctxf97f7type
21:18:53.280 [main] TRACE - Resolving type for handle stnumfmtid76fbtype
21:18:53.281 [main] TRACE - Resolving type for handle stfontid9d63type
21:18:53.282 [main] TRACE - Resolving type for handle stfillida097type
21:18:53.284 [main] TRACE - Resolving type for handle stborderid1a80type
21:18:53.286 [main] TRACE - Resolving type for handle stcellstylexfid70c7type
21:18:53.292 [main] TRACE - Resolving type for handle ctsheet4dbetype
21:18:53.298 [main] TRACE - Resolving type for handle ctworksheet530dtype
21:18:53.304 [main] TRACE - Resolving type for handle ctsheetformatprdef7type
21:18:53.310 [main] TRACE - Resolving type for handle ctsheetviewsb918type
21:18:53.314 [main] TRACE - Resolving type for handle ctsheetview0f43type
21:18:53.325 [main] TRACE - Resolving type for handle ctsheetdimensiond310type
21:18:53.327 [main] TRACE - Resolving type for handle stref90a2type
21:18:53.329 [main] TRACE - Resolving type for handle ctsheetdata8408type
21:18:53.332 [main] TRACE - Resolving type for handle ctpagemargins5455type
21:18:53.339 [main] TRACE - Resolving type for handle ctcols627ctype
21:18:53.342 [main] TRACE - Resolving type for handle strelationshipid1e94type
21:18:53.408 [main] TRACE - Resolving type for handle ctrowdd39type
21:18:53.416 [main] TRACE - Resolving type for handle ctcell842btype
21:18:53.430 [main] TRACE - Resolving type for handle stcellrefe4e0type
21:18:53.438 [main] TRACE - Resolving type for handle ctrsta472type
21:18:53.442 [main] TRACE - Resolving type for handle stcelltypebf95type
21:18:54.015 [main] TRACE - Resolving type for handle ctnumfmtsb58btype
21:18:54.021 [main] TRACE - Resolving type for handle ctfonts6623type
21:18:54.028 [main] TRACE - Resolving type for handle ctfills2c6ftype
21:18:54.032 [main] TRACE - Resolving type for handle ctborders0d66type
21:18:54.036 [main] TRACE - Resolving type for handle ctcellxfs1322type
21:18:54.040 [main] TRACE - Resolving type for handle ctcellstylexfsa81ftype
21:18:54.072 [main] DEBUG - Save core properties part
21:18:54.072 [main] DEBUG - Save content types part
21:18:54.191 [main] DEBUG - Save package relationships
21:18:54.205 [main] DEBUG - Save part 'docProps/app.xml'
21:18:54.211 [main] DEBUG - Save part 'docProps/core.xml'
21:18:54.227 [main] DEBUG - Save part 'xl/sharedStrings.xml'
21:18:54.229 [main] DEBUG - Save part 'xl/styles.xml'
21:18:54.229 [main] DEBUG - Save part 'xl/workbook.xml'
21:18:54.232 [main] DEBUG - Save part 'xl/worksheets/sheet1.xml'
21:18:54.258 [main] DEBUG - Save content types part
21:18:54.261 [main] DEBUG - Save package relationships
21:18:54.263 [main] DEBUG - Save part 'docProps/app.xml'
21:18:54.263 [main] DEBUG - Save part 'docProps/core.xml'
21:18:54.264 [main] DEBUG - Save part 'xl/sharedStrings.xml'
21:18:54.265 [main] DEBUG - Save part 'xl/styles.xml'
21:18:54.265 [main] DEBUG - Save part 'xl/workbook.xml'
21:18:54.267 [main] DEBUG - Save part 'xl/worksheets/sheet1.xml'
21:18:54.281 [main] INFO  - User is On Honda Upcoming Bikes In India Page
21:18:57.408 [main] INFO  - Navigated to the Used Cars Page
21:19:31.657 [main] INFO  - User is On ZigWheels Home Page
21:19:32.573 [main] INFO  - User is On Login Window
21:19:34.774 [main] INFO  - User is On Google Account Login
21:19:35.520 [main] INFO  - User is On Google Account Login
21:36:36.095 [main] INFO  - Navigated to the the ZigWheels Website
21:36:36.873 [main] INFO  - Navigated to the the Upcoming Bikes In India Page
21:36:44.204 [main] INFO  - User is On Honda Upcoming Bikes In India Page
21:36:44.241 [main] INFO  - Navigated to the Used Cars Page
21:36:44.328 [main] INFO  - User is On Login Window
21:36:44.354 [main] INFO  - User is On Google Account Login
21:36:44.379 [main] INFO  - User is On Google Account Login
21:36:59.773 [main] INFO  - Navigated to the the ZigWheels Website
21:37:01.253 [main] INFO  - Navigated to the the Upcoming Bikes In India Page
21:37:02.611 [main] TRACE - Loading type system org.apache.poi.schemas.ooxml.system.ooxml
21:37:02.614 [main] TRACE - Loading type system org.apache.xmlbeans.metadata.system.sXMLCONFIG
21:37:02.615 [main] TRACE - Loading type system org.apache.xmlbeans.metadata.system.sXMLLANG
21:37:02.615 [main] TRACE - Loading type system org.apache.xmlbeans.metadata.system.sXMLSCHEMA
21:37:02.616 [main] TRACE - Loading type system org.apache.xmlbeans.metadata.system.sXMLTOOLS
21:37:02.617 [main] TRACE - Reading unresolved handles for type system org.apache.xmlbeans.metadata.system.sXMLTOOLS
21:37:02.625 [main] TRACE - Finished loading type system org.apache.xmlbeans.metadata.system.sXMLTOOLS
21:37:02.626 [main] TRACE - Reading unresolved handles for type system org.apache.xmlbeans.metadata.system.sXMLSCHEMA
21:37:02.631 [main] TRACE - Finished loading type system org.apache.xmlbeans.metadata.system.sXMLSCHEMA
21:37:02.633 [main] TRACE - Reading unresolved handles for type system org.apache.xmlbeans.metadata.system.sXMLLANG
21:37:02.633 [main] TRACE - Finished loading type system org.apache.xmlbeans.metadata.system.sXMLLANG
21:37:02.633 [main] TRACE - Reading unresolved handles for type system org.apache.xmlbeans.metadata.system.sXMLCONFIG
21:37:02.634 [main] TRACE - Finished loading type system org.apache.xmlbeans.metadata.system.sXMLCONFIG
21:37:02.635 [main] TRACE - Reading unresolved handles for type system org.apache.poi.schemas.ooxml.system.ooxml
21:37:02.686 [main] TRACE - Finished loading type system org.apache.poi.schemas.ooxml.system.ooxml
21:37:02.686 [main] TRACE - Resolving type for handle ctworkbook83c3type
21:37:02.719 [main] TRACE - Resolving type for handle ctworkbookpr03a5type
21:37:02.724 [main] TRACE - Resolving type for handle ctbookviewsb864type
21:37:02.726 [main] TRACE - Resolving type for handle ctbookviewf677type
21:37:02.730 [main] TRACE - Resolving type for handle ctsheets49fdtype
21:37:02.733 [main] TRACE - Resolving type for handle propertiesee84doctype
21:37:02.734 [main] TRACE - Resolving type for handle ctproperties3f10type
21:37:02.738 [main] TRACE - Resolving type for handle properties288cdoctype
21:37:02.739 [main] TRACE - Resolving type for handle ctproperties2c18type
21:37:02.750 [main] TRACE - Resolving type for handle sstf81fdoctype
21:37:02.752 [main] TRACE - Resolving type for handle ctsst44f3type
21:37:02.760 [main] TRACE - Resolving type for handle stylesheet5d8bdoctype
21:37:02.763 [main] TRACE - Resolving type for handle ctstylesheet4257type
21:37:02.767 [main] TRACE - Resolving type for handle ctfont14d8type
21:37:02.783 [main] TRACE - Resolving type for handle ctfontsizeb3b9type
21:37:02.786 [main] TRACE - Resolving type for handle ctcolord2c2type
21:37:02.789 [main] TRACE - Resolving type for handle ctfontname2dc3type
21:37:02.791 [main] TRACE - Resolving type for handle stxstringf179type
21:37:02.793 [main] TRACE - Resolving type for handle ctfontfamily685ctype
21:37:02.796 [main] TRACE - Resolving type for handle stfontfamily9c6ctype
21:37:02.801 [main] TRACE - Resolving type for handle ctfontschemebf5dtype
21:37:02.803 [main] TRACE - Resolving type for handle stfontschemef36dtype
21:37:02.811 [main] TRACE - Resolving type for handle ctfill550ctype
21:37:02.814 [main] TRACE - Resolving type for handle ctpatternfill7452type
21:37:02.819 [main] TRACE - Resolving type for handle stpatterntype7939type
21:37:02.824 [main] TRACE - Resolving type for handle ctborderf935type
21:37:02.827 [main] TRACE - Resolving type for handle ctborderpre497type
21:37:02.831 [main] TRACE - Resolving type for handle ctxf97f7type
21:37:02.835 [main] TRACE - Resolving type for handle stnumfmtid76fbtype
21:37:02.836 [main] TRACE - Resolving type for handle stfontid9d63type
21:37:02.836 [main] TRACE - Resolving type for handle stfillida097type
21:37:02.837 [main] TRACE - Resolving type for handle stborderid1a80type
21:37:02.838 [main] TRACE - Resolving type for handle stcellstylexfid70c7type
21:37:02.840 [main] TRACE - Resolving type for handle ctsheet4dbetype
21:37:02.843 [main] TRACE - Resolving type for handle ctworksheet530dtype
21:37:02.847 [main] TRACE - Resolving type for handle ctsheetformatprdef7type
21:37:02.853 [main] TRACE - Resolving type for handle ctsheetviewsb918type
21:37:02.856 [main] TRACE - Resolving type for handle ctsheetview0f43type
21:37:02.865 [main] TRACE - Resolving type for handle ctsheetdimensiond310type
21:37:02.867 [main] TRACE - Resolving type for handle stref90a2type
21:37:02.868 [main] TRACE - Resolving type for handle ctsheetdata8408type
21:37:02.870 [main] TRACE - Resolving type for handle ctpagemargins5455type
21:37:02.873 [main] TRACE - Resolving type for handle ctcols627ctype
21:37:02.875 [main] TRACE - Resolving type for handle strelationshipid1e94type
21:37:02.877 [main] TRACE - Resolving type for handle ctrowdd39type
21:37:02.884 [main] TRACE - Resolving type for handle ctcell842btype
21:37:02.889 [main] TRACE - Resolving type for handle stcellrefe4e0type
21:37:02.891 [main] TRACE - Resolving type for handle ctrsta472type
21:37:02.892 [main] TRACE - Resolving type for handle stcelltypebf95type
21:37:03.215 [main] TRACE - Resolving type for handle ctnumfmtsb58btype
21:37:03.216 [main] TRACE - Resolving type for handle ctfonts6623type
21:37:03.218 [main] TRACE - Resolving type for handle ctfills2c6ftype
21:37:03.220 [main] TRACE - Resolving type for handle ctborders0d66type
21:37:03.221 [main] TRACE - Resolving type for handle ctcellxfs1322type
21:37:03.222 [main] TRACE - Resolving type for handle ctcellstylexfsa81ftype
21:37:03.239 [main] DEBUG - Save core properties part
21:37:03.239 [main] DEBUG - Save content types part
21:37:03.327 [main] DEBUG - Save package relationships
21:37:03.344 [main] DEBUG - Save part 'docProps/app.xml'
21:37:03.351 [main] DEBUG - Save part 'docProps/core.xml'
21:37:03.368 [main] DEBUG - Save part 'xl/sharedStrings.xml'
21:37:03.368 [main] DEBUG - Save part 'xl/styles.xml'
21:37:03.368 [main] DEBUG - Save part 'xl/workbook.xml'
21:37:03.370 [main] DEBUG - Save part 'xl/worksheets/sheet1.xml'
21:37:03.408 [main] DEBUG - Save content types part
21:37:03.410 [main] DEBUG - Save package relationships
21:37:03.411 [main] DEBUG - Save part 'docProps/app.xml'
21:37:03.412 [main] DEBUG - Save part 'docProps/core.xml'
21:37:03.414 [main] DEBUG - Save part 'xl/sharedStrings.xml'
21:37:03.414 [main] DEBUG - Save part 'xl/styles.xml'
21:37:03.414 [main] DEBUG - Save part 'xl/workbook.xml'
21:37:03.415 [main] DEBUG - Save part 'xl/worksheets/sheet1.xml'
21:37:03.431 [main] INFO  - User is On Honda Upcoming Bikes In India Page
21:37:06.875 [main] INFO  - Navigated to the Used Cars Page
21:37:33.961 [main] INFO  - User is On Login Window
21:37:33.994 [main] INFO  - User is On Google Account Login
21:37:34.023 [main] INFO  - User is On Google Account Login
21:37:47.701 [main] INFO  - Navigated to the the ZigWheels Website
21:37:48.914 [main] INFO  - Navigated to the the Upcoming Bikes In India Page
21:37:50.090 [main] TRACE - Loading type system org.apache.poi.schemas.ooxml.system.ooxml
21:37:50.092 [main] TRACE - Loading type system org.apache.xmlbeans.metadata.system.sXMLCONFIG
21:37:50.093 [main] TRACE - Loading type system org.apache.xmlbeans.metadata.system.sXMLLANG
21:37:50.093 [main] TRACE - Loading type system org.apache.xmlbeans.metadata.system.sXMLSCHEMA
21:37:50.094 [main] TRACE - Loading type system org.apache.xmlbeans.metadata.system.sXMLTOOLS
21:37:50.095 [main] TRACE - Reading unresolved handles for type system org.apache.xmlbeans.metadata.system.sXMLTOOLS
21:37:50.103 [main] TRACE - Finished loading type system org.apache.xmlbeans.metadata.system.sXMLTOOLS
21:37:50.104 [main] TRACE - Reading unresolved handles for type system org.apache.xmlbeans.metadata.system.sXMLSCHEMA
21:37:50.107 [main] TRACE - Finished loading type system org.apache.xmlbeans.metadata.system.sXMLSCHEMA
21:37:50.107 [main] TRACE - Reading unresolved handles for type system org.apache.xmlbeans.metadata.system.sXMLLANG
21:37:50.108 [main] TRACE - Finished loading type system org.apache.xmlbeans.metadata.system.sXMLLANG
21:37:50.108 [main] TRACE - Reading unresolved handles for type system org.apache.xmlbeans.metadata.system.sXMLCONFIG
21:37:50.110 [main] TRACE - Finished loading type system org.apache.xmlbeans.metadata.system.sXMLCONFIG
21:37:50.111 [main] TRACE - Reading unresolved handles for type system org.apache.poi.schemas.ooxml.system.ooxml
21:37:50.162 [main] TRACE - Finished loading type system org.apache.poi.schemas.ooxml.system.ooxml
21:37:50.163 [main] TRACE - Resolving type for handle ctworkbook83c3type
21:37:50.209 [main] TRACE - Resolving type for handle ctworkbookpr03a5type
21:37:50.215 [main] TRACE - Resolving type for handle ctbookviewsb864type
21:37:50.219 [main] TRACE - Resolving type for handle ctbookviewf677type
21:37:50.225 [main] TRACE - Resolving type for handle ctsheets49fdtype
21:37:50.229 [main] TRACE - Resolving type for handle propertiesee84doctype
21:37:50.230 [main] TRACE - Resolving type for handle ctproperties3f10type
21:37:50.240 [main] TRACE - Resolving type for handle properties288cdoctype
21:37:50.241 [main] TRACE - Resolving type for handle ctproperties2c18type
21:37:50.248 [main] TRACE - Resolving type for handle sstf81fdoctype
21:37:50.251 [main] TRACE - Resolving type for handle ctsst44f3type
21:37:50.264 [main] TRACE - Resolving type for handle stylesheet5d8bdoctype
21:37:50.267 [main] TRACE - Resolving type for handle ctstylesheet4257type
21:37:50.271 [main] TRACE - Resolving type for handle ctfont14d8type
21:37:50.280 [main] TRACE - Resolving type for handle ctfontsizeb3b9type
21:37:50.285 [main] TRACE - Resolving type for handle ctcolord2c2type
21:37:50.293 [main] TRACE - Resolving type for handle ctfontname2dc3type
21:37:50.297 [main] TRACE - Resolving type for handle stxstringf179type
21:37:50.300 [main] TRACE - Resolving type for handle ctfontfamily685ctype
21:37:50.301 [main] TRACE - Resolving type for handle stfontfamily9c6ctype
21:37:50.305 [main] TRACE - Resolving type for handle ctfontschemebf5dtype
21:37:50.307 [main] TRACE - Resolving type for handle stfontschemef36dtype
21:37:50.310 [main] TRACE - Resolving type for handle ctfill550ctype
21:37:50.313 [main] TRACE - Resolving type for handle ctpatternfill7452type
21:37:50.316 [main] TRACE - Resolving type for handle stpatterntype7939type
21:37:50.319 [main] TRACE - Resolving type for handle ctborderf935type
21:37:50.320 [main] TRACE - Resolving type for handle ctborderpre497type
21:37:50.328 [main] TRACE - Resolving type for handle ctxf97f7type
21:37:50.331 [main] TRACE - Resolving type for handle stnumfmtid76fbtype
21:37:50.333 [main] TRACE - Resolving type for handle stfontid9d63type
21:37:50.334 [main] TRACE - Resolving type for handle stfillida097type
21:37:50.335 [main] TRACE - Resolving type for handle stborderid1a80type
21:37:50.336 [main] TRACE - Resolving type for handle stcellstylexfid70c7type
21:37:50.339 [main] TRACE - Resolving type for handle ctsheet4dbetype
21:37:50.346 [main] TRACE - Resolving type for handle ctworksheet530dtype
21:37:50.350 [main] TRACE - Resolving type for handle ctsheetformatprdef7type
21:37:50.354 [main] TRACE - Resolving type for handle ctsheetviewsb918type
21:37:50.357 [main] TRACE - Resolving type for handle ctsheetview0f43type
21:37:50.363 [main] TRACE - Resolving type for handle ctsheetdimensiond310type
21:37:50.364 [main] TRACE - Resolving type for handle stref90a2type
21:37:50.367 [main] TRACE - Resolving type for handle ctsheetdata8408type
21:37:50.369 [main] TRACE - Resolving type for handle ctpagemargins5455type
21:37:50.379 [main] TRACE - Resolving type for handle ctcols627ctype
21:37:50.381 [main] TRACE - Resolving type for handle strelationshipid1e94type
21:37:50.385 [main] TRACE - Resolving type for handle ctrowdd39type
21:37:50.391 [main] TRACE - Resolving type for handle ctcell842btype
21:37:50.399 [main] TRACE - Resolving type for handle stcellrefe4e0type
21:37:50.401 [main] TRACE - Resolving type for handle ctrsta472type
21:37:50.402 [main] TRACE - Resolving type for handle stcelltypebf95type
21:37:50.840 [main] TRACE - Resolving type for handle ctnumfmtsb58btype
21:37:50.842 [main] TRACE - Resolving type for handle ctfonts6623type
21:37:50.846 [main] TRACE - Resolving type for handle ctfills2c6ftype
21:37:50.849 [main] TRACE - Resolving type for handle ctborders0d66type
21:37:50.852 [main] TRACE - Resolving type for handle ctcellxfs1322type
21:37:50.853 [main] TRACE - Resolving type for handle ctcellstylexfsa81ftype
21:37:50.869 [main] DEBUG - Save core properties part
21:37:50.870 [main] DEBUG - Save content types part
21:37:50.937 [main] DEBUG - Save package relationships
21:37:50.946 [main] DEBUG - Save part 'docProps/app.xml'
21:37:50.950 [main] DEBUG - Save part 'docProps/core.xml'
21:37:50.957 [main] DEBUG - Save part 'xl/sharedStrings.xml'
21:37:50.958 [main] DEBUG - Save part 'xl/styles.xml'
21:37:50.958 [main] DEBUG - Save part 'xl/workbook.xml'
21:37:50.959 [main] DEBUG - Save part 'xl/worksheets/sheet1.xml'
21:37:50.976 [main] DEBUG - Save content types part
21:37:50.978 [main] DEBUG - Save package relationships
21:37:50.979 [main] DEBUG - Save part 'docProps/app.xml'
21:37:50.979 [main] DEBUG - Save part 'docProps/core.xml'
21:37:50.980 [main] DEBUG - Save part 'xl/sharedStrings.xml'
21:37:50.980 [main] DEBUG - Save part 'xl/styles.xml'
21:37:50.980 [main] DEBUG - Save part 'xl/workbook.xml'
21:37:50.981 [main] DEBUG - Save part 'xl/worksheets/sheet1.xml'
21:37:50.990 [main] INFO  - User is On Honda Upcoming Bikes In India Page
21:37:53.935 [main] INFO  - Navigated to the Used Cars Page
21:38:11.155 [main] INFO  - User is On ZigWheels Home Page
21:38:11.910 [main] INFO  - User is On Login Window
21:38:14.033 [main] INFO  - User is On Google Account Login
21:38:14.766 [main] INFO  - User is On Google Account Login
21:41:23.084 [main] INFO  - Navigated to the the ZigWheels Website
21:41:24.556 [main] INFO  - Navigated to the the Upcoming Bikes In India Page
21:41:25.565 [main] TRACE - Loading type system org.apache.poi.schemas.ooxml.system.ooxml
21:41:25.570 [main] TRACE - Loading type system org.apache.xmlbeans.metadata.system.sXMLCONFIG
21:41:25.570 [main] TRACE - Loading type system org.apache.xmlbeans.metadata.system.sXMLLANG
21:41:25.571 [main] TRACE - Loading type system org.apache.xmlbeans.metadata.system.sXMLSCHEMA
21:41:25.571 [main] TRACE - Loading type system org.apache.xmlbeans.metadata.system.sXMLTOOLS
21:41:25.572 [main] TRACE - Reading unresolved handles for type system org.apache.xmlbeans.metadata.system.sXMLTOOLS
21:41:25.580 [main] TRACE - Finished loading type system org.apache.xmlbeans.metadata.system.sXMLTOOLS
21:41:25.581 [main] TRACE - Reading unresolved handles for type system org.apache.xmlbeans.metadata.system.sXMLSCHEMA
21:41:25.587 [main] TRACE - Finished loading type system org.apache.xmlbeans.metadata.system.sXMLSCHEMA
21:41:25.588 [main] TRACE - Reading unresolved handles for type system org.apache.xmlbeans.metadata.system.sXMLLANG
21:41:25.589 [main] TRACE - Finished loading type system org.apache.xmlbeans.metadata.system.sXMLLANG
21:41:25.590 [main] TRACE - Reading unresolved handles for type system org.apache.xmlbeans.metadata.system.sXMLCONFIG
21:41:25.591 [main] TRACE - Finished loading type system org.apache.xmlbeans.metadata.system.sXMLCONFIG
21:41:25.591 [main] TRACE - Reading unresolved handles for type system org.apache.poi.schemas.ooxml.system.ooxml
21:41:25.634 [main] TRACE - Finished loading type system org.apache.poi.schemas.ooxml.system.ooxml
21:41:25.635 [main] TRACE - Resolving type for handle ctworkbook83c3type
21:41:25.673 [main] TRACE - Resolving type for handle ctworkbookpr03a5type
21:41:25.677 [main] TRACE - Resolving type for handle ctbookviewsb864type
21:41:25.680 [main] TRACE - Resolving type for handle ctbookviewf677type
21:41:25.686 [main] TRACE - Resolving type for handle ctsheets49fdtype
21:41:25.687 [main] TRACE - Resolving type for handle propertiesee84doctype
21:41:25.688 [main] TRACE - Resolving type for handle ctproperties3f10type
21:41:25.693 [main] TRACE - Resolving type for handle properties288cdoctype
21:41:25.694 [main] TRACE - Resolving type for handle ctproperties2c18type
21:41:25.700 [main] TRACE - Resolving type for handle sstf81fdoctype
21:41:25.702 [main] TRACE - Resolving type for handle ctsst44f3type
21:41:25.709 [main] TRACE - Resolving type for handle stylesheet5d8bdoctype
21:41:25.711 [main] TRACE - Resolving type for handle ctstylesheet4257type
21:41:25.713 [main] TRACE - Resolving type for handle ctfont14d8type
21:41:25.719 [main] TRACE - Resolving type for handle ctfontsizeb3b9type
21:41:25.721 [main] TRACE - Resolving type for handle ctcolord2c2type
21:41:25.722 [main] TRACE - Resolving type for handle ctfontname2dc3type
21:41:25.724 [main] TRACE - Resolving type for handle stxstringf179type
21:41:25.726 [main] TRACE - Resolving type for handle ctfontfamily685ctype
21:41:25.728 [main] TRACE - Resolving type for handle stfontfamily9c6ctype
21:41:25.731 [main] TRACE - Resolving type for handle ctfontschemebf5dtype
21:41:25.737 [main] TRACE - Resolving type for handle stfontschemef36dtype
21:41:25.740 [main] TRACE - Resolving type for handle ctfill550ctype
21:41:25.742 [main] TRACE - Resolving type for handle ctpatternfill7452type
21:41:25.745 [main] TRACE - Resolving type for handle stpatterntype7939type
21:41:25.747 [main] TRACE - Resolving type for handle ctborderf935type
21:41:25.750 [main] TRACE - Resolving type for handle ctborderpre497type
21:41:25.756 [main] TRACE - Resolving type for handle ctxf97f7type
21:41:25.758 [main] TRACE - Resolving type for handle stnumfmtid76fbtype
21:41:25.759 [main] TRACE - Resolving type for handle stfontid9d63type
21:41:25.760 [main] TRACE - Resolving type for handle stfillida097type
21:41:25.761 [main] TRACE - Resolving type for handle stborderid1a80type
21:41:25.763 [main] TRACE - Resolving type for handle stcellstylexfid70c7type
21:41:25.769 [main] TRACE - Resolving type for handle ctsheet4dbetype
21:41:25.772 [main] TRACE - Resolving type for handle ctworksheet530dtype
21:41:25.775 [main] TRACE - Resolving type for handle ctsheetformatprdef7type
21:41:25.780 [main] TRACE - Resolving type for handle ctsheetviewsb918type
21:41:25.783 [main] TRACE - Resolving type for handle ctsheetview0f43type
21:41:25.802 [main] TRACE - Resolving type for handle ctsheetdimensiond310type
21:41:25.804 [main] TRACE - Resolving type for handle stref90a2type
21:41:25.805 [main] TRACE - Resolving type for handle ctsheetdata8408type
21:41:25.806 [main] TRACE - Resolving type for handle ctpagemargins5455type
21:41:25.809 [main] TRACE - Resolving type for handle ctcols627ctype
21:41:25.811 [main] TRACE - Resolving type for handle strelationshipid1e94type
21:41:25.813 [main] TRACE - Resolving type for handle ctrowdd39type
21:41:25.819 [main] TRACE - Resolving type for handle ctcell842btype
21:41:25.828 [main] TRACE - Resolving type for handle stcellrefe4e0type
21:41:25.830 [main] TRACE - Resolving type for handle ctrsta472type
21:41:25.831 [main] TRACE - Resolving type for handle stcelltypebf95type
21:41:26.182 [main] TRACE - Resolving type for handle ctnumfmtsb58btype
21:41:26.184 [main] TRACE - Resolving type for handle ctfonts6623type
21:41:26.187 [main] TRACE - Resolving type for handle ctfills2c6ftype
21:41:26.188 [main] TRACE - Resolving type for handle ctborders0d66type
21:41:26.189 [main] TRACE - Resolving type for handle ctcellxfs1322type
21:41:26.190 [main] TRACE - Resolving type for handle ctcellstylexfsa81ftype
21:41:26.202 [main] DEBUG - Save core properties part
21:41:26.202 [main] DEBUG - Save content types part
21:41:26.292 [main] DEBUG - Save package relationships
21:41:26.304 [main] DEBUG - Save part 'docProps/app.xml'
21:41:26.311 [main] DEBUG - Save part 'docProps/core.xml'
21:41:26.318 [main] DEBUG - Save part 'xl/sharedStrings.xml'
21:41:26.318 [main] DEBUG - Save part 'xl/styles.xml'
21:41:26.319 [main] DEBUG - Save part 'xl/workbook.xml'
21:41:26.320 [main] DEBUG - Save part 'xl/worksheets/sheet1.xml'
21:41:26.337 [main] DEBUG - Save content types part
21:41:26.338 [main] DEBUG - Save package relationships
21:41:26.340 [main] DEBUG - Save part 'docProps/app.xml'
21:41:26.340 [main] DEBUG - Save part 'docProps/core.xml'
21:41:26.342 [main] DEBUG - Save part 'xl/sharedStrings.xml'
21:41:26.342 [main] DEBUG - Save part 'xl/styles.xml'
21:41:26.342 [main] DEBUG - Save part 'xl/workbook.xml'
21:41:26.343 [main] DEBUG - Save part 'xl/worksheets/sheet1.xml'
21:41:26.355 [main] INFO  - User is On Honda Upcoming Bikes In India Page
21:41:29.143 [main] INFO  - Navigated to the Used Cars Page
21:41:45.672 [main] INFO  - User is On ZigWheels Home Page
21:41:46.409 [main] INFO  - User is On Login Window
21:41:48.565 [main] INFO  - User is On Google Account Login
21:41:49.316 [main] INFO  - User is On Google Account Login
21:44:19.121 [main] INFO  - Navigated to the the ZigWheels Website
21:44:19.958 [main] INFO  - Navigated to the the Upcoming Bikes In India Page
21:44:21.587 [main] TRACE - Loading type system org.apache.poi.schemas.ooxml.system.ooxml
21:44:21.592 [main] TRACE - Loading type system org.apache.xmlbeans.metadata.system.sXMLCONFIG
21:44:21.592 [main] TRACE - Loading type system org.apache.xmlbeans.metadata.system.sXMLLANG
21:44:21.593 [main] TRACE - Loading type system org.apache.xmlbeans.metadata.system.sXMLSCHEMA
21:44:21.594 [main] TRACE - Loading type system org.apache.xmlbeans.metadata.system.sXMLTOOLS
21:44:21.595 [main] TRACE - Reading unresolved handles for type system org.apache.xmlbeans.metadata.system.sXMLTOOLS
21:44:21.609 [main] TRACE - Finished loading type system org.apache.xmlbeans.metadata.system.sXMLTOOLS
21:44:21.610 [main] TRACE - Reading unresolved handles for type system org.apache.xmlbeans.metadata.system.sXMLSCHEMA
21:44:21.612 [main] TRACE - Finished loading type system org.apache.xmlbeans.metadata.system.sXMLSCHEMA
21:44:21.613 [main] TRACE - Reading unresolved handles for type system org.apache.xmlbeans.metadata.system.sXMLLANG
21:44:21.614 [main] TRACE - Finished loading type system org.apache.xmlbeans.metadata.system.sXMLLANG
21:44:21.614 [main] TRACE - Reading unresolved handles for type system org.apache.xmlbeans.metadata.system.sXMLCONFIG
21:44:21.615 [main] TRACE - Finished loading type system org.apache.xmlbeans.metadata.system.sXMLCONFIG
21:44:21.615 [main] TRACE - Reading unresolved handles for type system org.apache.poi.schemas.ooxml.system.ooxml
21:44:21.660 [main] TRACE - Finished loading type system org.apache.poi.schemas.ooxml.system.ooxml
21:44:21.662 [main] TRACE - Resolving type for handle ctworkbook83c3type
21:44:21.694 [main] TRACE - Resolving type for handle ctworkbookpr03a5type
21:44:21.698 [main] TRACE - Resolving type for handle ctbookviewsb864type
21:44:21.700 [main] TRACE - Resolving type for handle ctbookviewf677type
21:44:21.704 [main] TRACE - Resolving type for handle ctsheets49fdtype
21:44:21.708 [main] TRACE - Resolving type for handle propertiesee84doctype
21:44:21.709 [main] TRACE - Resolving type for handle ctproperties3f10type
21:44:21.712 [main] TRACE - Resolving type for handle properties288cdoctype
21:44:21.713 [main] TRACE - Resolving type for handle ctproperties2c18type
21:44:21.716 [main] TRACE - Resolving type for handle sstf81fdoctype
21:44:21.717 [main] TRACE - Resolving type for handle ctsst44f3type
21:44:21.721 [main] TRACE - Resolving type for handle stylesheet5d8bdoctype
21:44:21.724 [main] TRACE - Resolving type for handle ctstylesheet4257type
21:44:21.730 [main] TRACE - Resolving type for handle ctfont14d8type
21:44:21.735 [main] TRACE - Resolving type for handle ctfontsizeb3b9type
21:44:21.742 [main] TRACE - Resolving type for handle ctcolord2c2type
21:44:21.745 [main] TRACE - Resolving type for handle ctfontname2dc3type
21:44:21.747 [main] TRACE - Resolving type for handle stxstringf179type
21:44:21.749 [main] TRACE - Resolving type for handle ctfontfamily685ctype
21:44:21.751 [main] TRACE - Resolving type for handle stfontfamily9c6ctype
21:44:21.754 [main] TRACE - Resolving type for handle ctfontschemebf5dtype
21:44:21.758 [main] TRACE - Resolving type for handle stfontschemef36dtype
21:44:21.761 [main] TRACE - Resolving type for handle ctfill550ctype
21:44:21.762 [main] TRACE - Resolving type for handle ctpatternfill7452type
21:44:21.764 [main] TRACE - Resolving type for handle stpatterntype7939type
21:44:21.768 [main] TRACE - Resolving type for handle ctborderf935type
21:44:21.770 [main] TRACE - Resolving type for handle ctborderpre497type
21:44:21.775 [main] TRACE - Resolving type for handle ctxf97f7type
21:44:21.778 [main] TRACE - Resolving type for handle stnumfmtid76fbtype
21:44:21.780 [main] TRACE - Resolving type for handle stfontid9d63type
21:44:21.781 [main] TRACE - Resolving type for handle stfillida097type
21:44:21.782 [main] TRACE - Resolving type for handle stborderid1a80type
21:44:21.783 [main] TRACE - Resolving type for handle stcellstylexfid70c7type
21:44:21.787 [main] TRACE - Resolving type for handle ctsheet4dbetype
21:44:21.794 [main] TRACE - Resolving type for handle ctworksheet530dtype
21:44:21.798 [main] TRACE - Resolving type for handle ctsheetformatprdef7type
21:44:21.802 [main] TRACE - Resolving type for handle ctsheetviewsb918type
21:44:21.804 [main] TRACE - Resolving type for handle ctsheetview0f43type
21:44:21.809 [main] TRACE - Resolving type for handle ctsheetdimensiond310type
21:44:21.810 [main] TRACE - Resolving type for handle stref90a2type
21:44:21.811 [main] TRACE - Resolving type for handle ctsheetdata8408type
21:44:21.813 [main] TRACE - Resolving type for handle ctpagemargins5455type
21:44:21.816 [main] TRACE - Resolving type for handle ctcols627ctype
21:44:21.818 [main] TRACE - Resolving type for handle strelationshipid1e94type
21:44:21.819 [main] TRACE - Resolving type for handle ctrowdd39type
21:44:21.825 [main] TRACE - Resolving type for handle ctcell842btype
21:44:21.832 [main] TRACE - Resolving type for handle stcellrefe4e0type
21:44:21.834 [main] TRACE - Resolving type for handle ctrsta472type
21:44:21.835 [main] TRACE - Resolving type for handle stcelltypebf95type
21:44:22.195 [main] TRACE - Resolving type for handle ctnumfmtsb58btype
21:44:22.196 [main] TRACE - Resolving type for handle ctfonts6623type
21:44:22.200 [main] TRACE - Resolving type for handle ctfills2c6ftype
21:44:22.201 [main] TRACE - Resolving type for handle ctborders0d66type
21:44:22.203 [main] TRACE - Resolving type for handle ctcellxfs1322type
21:44:22.205 [main] TRACE - Resolving type for handle ctcellstylexfsa81ftype
21:44:22.217 [main] DEBUG - Save core properties part
21:44:22.217 [main] DEBUG - Save content types part
21:44:22.290 [main] DEBUG - Save package relationships
21:44:22.298 [main] DEBUG - Save part 'docProps/app.xml'
21:44:22.304 [main] DEBUG - Save part 'docProps/core.xml'
21:44:22.310 [main] DEBUG - Save part 'xl/sharedStrings.xml'
21:44:22.311 [main] DEBUG - Save part 'xl/styles.xml'
21:44:22.311 [main] DEBUG - Save part 'xl/workbook.xml'
21:44:22.312 [main] DEBUG - Save part 'xl/worksheets/sheet1.xml'
21:44:22.332 [main] DEBUG - Save content types part
21:44:22.333 [main] DEBUG - Save package relationships
21:44:22.335 [main] DEBUG - Save part 'docProps/app.xml'
21:44:22.335 [main] DEBUG - Save part 'docProps/core.xml'
21:44:22.336 [main] DEBUG - Save part 'xl/sharedStrings.xml'
21:44:22.336 [main] DEBUG - Save part 'xl/styles.xml'
21:44:22.336 [main] DEBUG - Save part 'xl/workbook.xml'
21:44:22.337 [main] DEBUG - Save part 'xl/worksheets/sheet1.xml'
21:44:22.347 [main] INFO  - User is On Honda Upcoming Bikes In India Page
21:44:24.562 [main] INFO  - Navigated to the Used Cars Page
21:44:43.861 [main] DEBUG - Save core properties part
21:44:43.861 [main] DEBUG - Save content types part
21:44:43.862 [main] DEBUG - Save package relationships
21:44:43.864 [main] DEBUG - Save part 'docProps/app.xml'
21:44:43.865 [main] DEBUG - Save part 'docProps/core.xml'
21:44:43.866 [main] DEBUG - Save part 'xl/sharedStrings.xml'
21:44:43.866 [main] DEBUG - Save part 'xl/styles.xml'
21:44:43.866 [main] DEBUG - Save part 'xl/workbook.xml'
21:44:43.867 [main] DEBUG - Save part 'xl/worksheets/sheet1.xml'
21:44:43.868 [main] DEBUG - Save content types part
21:44:43.868 [main] DEBUG - Save package relationships
21:44:43.869 [main] DEBUG - Save part 'docProps/app.xml'
21:44:43.869 [main] DEBUG - Save part 'docProps/core.xml'
21:44:43.870 [main] DEBUG - Save part 'xl/sharedStrings.xml'
21:44:43.870 [main] DEBUG - Save part 'xl/styles.xml'
21:44:43.870 [main] DEBUG - Save part 'xl/workbook.xml'
21:44:43.872 [main] DEBUG - Save part 'xl/worksheets/sheet1.xml'
21:44:44.814 [main] INFO  - User is On ZigWheels Home Page
21:44:45.600 [main] INFO  - User is On Login Window
21:44:47.809 [main] INFO  - User is On Google Account Login
21:44:48.752 [main] INFO  - User is On Google Account Login
21:46:03.179 [main] INFO  - Navigated to the the ZigWheels Website
21:46:04.468 [main] INFO  - Navigated to the the Upcoming Bikes In India Page
21:46:05.642 [main] TRACE - Loading type system org.apache.poi.schemas.ooxml.system.ooxml
21:46:05.644 [main] TRACE - Loading type system org.apache.xmlbeans.metadata.system.sXMLCONFIG
21:46:05.644 [main] TRACE - Loading type system org.apache.xmlbeans.metadata.system.sXMLLANG
21:46:05.645 [main] TRACE - Loading type system org.apache.xmlbeans.metadata.system.sXMLSCHEMA
21:46:05.645 [main] TRACE - Loading type system org.apache.xmlbeans.metadata.system.sXMLTOOLS
21:46:05.646 [main] TRACE - Reading unresolved handles for type system org.apache.xmlbeans.metadata.system.sXMLTOOLS
21:46:05.659 [main] TRACE - Finished loading type system org.apache.xmlbeans.metadata.system.sXMLTOOLS
21:46:05.660 [main] TRACE - Reading unresolved handles for type system org.apache.xmlbeans.metadata.system.sXMLSCHEMA
21:46:05.667 [main] TRACE - Finished loading type system org.apache.xmlbeans.metadata.system.sXMLSCHEMA
21:46:05.668 [main] TRACE - Reading unresolved handles for type system org.apache.xmlbeans.metadata.system.sXMLLANG
21:46:05.669 [main] TRACE - Finished loading type system org.apache.xmlbeans.metadata.system.sXMLLANG
21:46:05.670 [main] TRACE - Reading unresolved handles for type system org.apache.xmlbeans.metadata.system.sXMLCONFIG
21:46:05.671 [main] TRACE - Finished loading type system org.apache.xmlbeans.metadata.system.sXMLCONFIG
21:46:05.671 [main] TRACE - Reading unresolved handles for type system org.apache.poi.schemas.ooxml.system.ooxml
21:46:05.709 [main] TRACE - Finished loading type system org.apache.poi.schemas.ooxml.system.ooxml
21:46:05.710 [main] TRACE - Resolving type for handle ctworkbook83c3type
21:46:05.750 [main] TRACE - Resolving type for handle ctworkbookpr03a5type
